<?xml version="1.0" encoding="UTF-8"?>
<!-- Generated by org.testng.reporters.JUnitXMLReporter -->
<testsuite ignored="4" hostname="DESKTOP-5SN1MBM" failures="0" tests="4" name="Test" time="49.913" errors="0" timestamp="2022-09-24T18:03:54 IST">
  <testcase classname="TestMethods.Tests_Login" name="login" time="10.721"/>
  <testcase classname="TestMethods.Tests_OTP" name="validOTP" time="5.127"/>
  <testcase classname="TestMethods.Tests_Dashboard" name="dashboardTitle" time="5.552"/>
  <testcase classname="TestMethods.Tests_Dashboard" name="dashBoardTile" time="7.188"/>
  <testcase classname="TestMethods.BaseClass" name="@BeforeTest beforeTest" time="0.0">
    <ignored/>
  </testcase> <!-- @BeforeTest beforeTest -->
  <testcase classname="TestMethods.BaseClass" name="@BeforeTest beforeTest" time="0.0">
    <ignored/>
  </testcase> <!-- @BeforeTest beforeTest -->
  <testcase classname="TestMethods.BaseClass" name="@AfterTest afterTest" time="0.0">
    <ignored/>
  </testcase> <!-- @AfterTest afterTest -->
  <testcase classname="TestMethods.BaseClass" name="@AfterTest afterTest" time="0.0">
    <ignored/>
  </testcase> <!-- @AfterTest afterTest -->
</testsuite> <!-- Test -->
