<?xml version="1.0" encoding="UTF-8"?>
<testng-results ignored="4" total="8" passed="4" failed="0" skipped="0">
  <reporter-output>
  </reporter-output>
  <suite started-at="2022-09-24T18:03:04 IST" name="Suite" finished-at="2022-09-24T18:03:54 IST" duration-ms="49913">
    <groups>
    </groups>
    <test started-at="2022-09-24T18:03:04 IST" name="Test" finished-at="2022-09-24T18:03:54 IST" duration-ms="49913">
      <class name="TestMethods.Tests_Dashboard">
        <test-method signature="dashboardTitle()[pri:0, instance:TestMethods.Tests_Dashboard@121314f7]" started-at="2022-09-24T18:03:41 IST" name="dashboardTitle" description="Verify that the Dashboard page is displayed after successful Login" finished-at="2022-09-24T18:03:46 IST" duration-ms="5552" status="PASS">
          <reporter-output>
          </reporter-output>
        </test-method> <!-- dashboardTitle -->
        <test-method signature="dashBoardTile()[pri:1, instance:TestMethods.Tests_Dashboard@121314f7]" started-at="2022-09-24T18:03:46 IST" name="dashBoardTile" description="Select an option in the Dashboard Tile" finished-at="2022-09-24T18:03:54 IST" duration-ms="7188" status="PASS">
          <reporter-output>
          </reporter-output>
        </test-method> <!-- dashBoardTile -->
      </class> <!-- TestMethods.Tests_Dashboard -->
      <class name="TestMethods.Tests_OTP">
        <test-method signature="validOTP()[pri:1, instance:TestMethods.Tests_OTP@60bd273d]" started-at="2022-09-24T18:03:36 IST" name="validOTP" description="Verify error message for wrong OTP" finished-at="2022-09-24T18:03:41 IST" duration-ms="5127" status="PASS">
          <reporter-output>
          </reporter-output>
        </test-method> <!-- validOTP -->
      </class> <!-- TestMethods.Tests_OTP -->
      <class name="TestMethods.Tests_Login">
        <test-method is-config="true" signature="beforeTest(java.lang.String)[pri:0, instance:TestMethods.Tests_Login@2d52216b]" started-at="2022-09-24T18:03:05 IST" name="beforeTest" finished-at="2022-09-24T18:03:24 IST" duration-ms="19510" status="PASS">
          <params>
            <param index="0">
              <value>
                <![CDATA[chrome]]>
              </value>
            </param>
          </params>
          <reporter-output>
          </reporter-output>
        </test-method> <!-- beforeTest -->
        <test-method signature="login()[pri:1, instance:TestMethods.Tests_Login@2d52216b]" started-at="2022-09-24T18:03:25 IST" name="login" description="Verify login is successful for valid credentials" finished-at="2022-09-24T18:03:35 IST" duration-ms="10721" status="PASS">
          <reporter-output>
          </reporter-output>
        </test-method> <!-- login -->
        <test-method is-config="true" signature="afterTest()[pri:0, instance:TestMethods.Tests_Login@2d52216b]" started-at="2022-09-24T18:03:54 IST" name="afterTest" finished-at="2022-09-24T18:03:54 IST" duration-ms="6" status="PASS">
          <reporter-output>
          </reporter-output>
        </test-method> <!-- afterTest -->
      </class> <!-- TestMethods.Tests_Login -->
    </test> <!-- Test -->
  </suite> <!-- Suite -->
</testng-results>
